<?xml version="1.0" encoding="UTF-8"?>
<!-- Generated by org.testng.reporters.JUnitXMLReporter -->
<testsuite ignored="0" hostname="LPT-429" failures="0" tests="6" name="Test" time="0.077" errors="0" timestamp="12 May 2021 05:35:58 GMT">
  <testcase classname="Udemy_maven.udemy_java_maven.selenium_test" name="demo" time="0.012"/>
  <testcase classname="Udemy_maven.udemy_java_maven.selenium_test" name="demo1" time="0.004"/>
  <testcase classname="Udemy_maven.udemy_java_maven.appium_test" name="demo" time="0.003"/>
  <testcase classname="Udemy_maven.udemy_java_maven.appium_test" name="demo1" time="0.004"/>
  <testcase classname="Udemy_maven.udemy_java_maven.restapi_test" name="demo" time="0.002"/>
  <testcase classname="Udemy_maven.udemy_java_maven.restapi_test" name="demo1" time="0.003"/>
</testsuite> <!-- Test -->
