<?xml version="1.0" encoding="UTF-8"?>
<!-- Generated by org.testng.reporters.JUnitXMLReporter -->
<testsuite ignored="0" hostname="LPT-429" failures="0" tests="6" name="Test" time="0.058" errors="0" timestamp="2021-05-12T12:55:18 IST">
  <testcase classname="Udemy_maven.udemy_java_maven.selenium_test" name="demo" time="0.006"/>
  <testcase classname="Udemy_maven.udemy_java_maven.selenium_test" name="demo1" time="0.0"/>
  <testcase classname="Udemy_maven.udemy_java_maven.appium_test" name="demo" time="0.001"/>
  <testcase classname="Udemy_maven.udemy_java_maven.appium_test" name="demo1" time="0.001"/>
  <testcase classname="Udemy_maven.udemy_java_maven.restapi_test" name="demo" time="0.001"/>
  <testcase classname="Udemy_maven.udemy_java_maven.restapi_test" name="demo1" time="0.001"/>
</testsuite> <!-- Test -->
