<?xml version="1.0" encoding="UTF-8"?>
<testsuite xmlns:xsi="http://www.w3.org/2001/XMLSchema-instance" xsi:noNamespaceSchemaLocation="https://maven.apache.org/surefire/maven-surefire-plugin/xsd/surefire-test-report-3.0.xsd" version="3.0" name="TestSuite" time="0.925" tests="6" errors="0" skipped="0" failures="0">
  <properties>
[...]
</properties>
  <testcase name="demo" classname="Udemy_maven.udemy_java_maven.selenium_test" time="0.011">
    <system-out><![CDATA[demo.sel
]]></system-out>
  </testcase>
  <testcase name="demo1" classname="Udemy_maven.udemy_java_maven.selenium_test" time="0.002">
    <system-out><![CDATA[demo1.sel
]]></system-out>
  </testcase>
  <testcase name="demo" classname="Udemy_maven.udemy_java_maven.appium_test" time="0.004">
    <system-out><![CDATA[demo.ap
]]></system-out>
  </testcase>
  <testcase name="demo1" classname="Udemy_maven.udemy_java_maven.appium_test" time="0">
    <system-out><![CDATA[demo.ap
]]></system-out>
  </testcase>
  <testcase name="demo" classname="Udemy_maven.udemy_java_maven.restapi_test" time="0.002">
    <system-out><![CDATA[demo.rest
]]></system-out>
  </testcase>
  <testcase name="demo1" classname="Udemy_maven.udemy_java_maven.restapi_test" time="0.003">
    <system-out><![CDATA[demo1.rest
]]></system-out>
  </testcase>
</testsuite>