<?xml version="1.0" encoding="UTF-8"?>
<testng-results ignored="0" total="6" passed="6" failed="0" skipped="0">
  <reporter-output>
  </reporter-output>
  <suite started-at="2021-05-12T05:35:58Z" name="Suite" finished-at="2021-05-12T05:35:58Z" duration-ms="77">
    <groups>
    </groups>
    <test started-at="2021-05-12T05:35:58Z" name="Test" finished-at="2021-05-12T05:35:58Z" duration-ms="77">
      <class name="Udemy_maven.udemy_java_maven.appium_test">
        <test-method signature="demo()[pri:0, instance:Udemy_maven.udemy_java_maven.appium_test@489115ef]" started-at="2021-05-12T11:05:58Z" name="demo" finished-at="2021-05-12T11:05:58Z" duration-ms="3" status="PASS">
          <reporter-output>
          </reporter-output>
        </test-method> <!-- demo -->
        <test-method signature="demo1()[pri:0, instance:Udemy_maven.udemy_java_maven.appium_test@489115ef]" started-at="2021-05-12T11:05:58Z" name="demo1" finished-at="2021-05-12T11:05:58Z" duration-ms="4" status="PASS">
          <reporter-output>
          </reporter-output>
        </test-method> <!-- demo1 -->
      </class> <!-- Udemy_maven.udemy_java_maven.appium_test -->
      <class name="Udemy_maven.udemy_java_maven.restapi_test">
        <test-method signature="demo()[pri:0, instance:Udemy_maven.udemy_java_maven.restapi_test@3857f613]" started-at="2021-05-12T11:05:58Z" name="demo" finished-at="2021-05-12T11:05:58Z" duration-ms="2" status="PASS">
          <reporter-output>
          </reporter-output>
        </test-method> <!-- demo -->
        <test-method signature="demo1()[pri:0, instance:Udemy_maven.udemy_java_maven.restapi_test@3857f613]" started-at="2021-05-12T11:05:58Z" name="demo1" finished-at="2021-05-12T11:05:58Z" duration-ms="3" status="PASS">
          <reporter-output>
          </reporter-output>
        </test-method> <!-- demo1 -->
      </class> <!-- Udemy_maven.udemy_java_maven.restapi_test -->
      <class name="Udemy_maven.udemy_java_maven.selenium_test">
        <test-method signature="demo()[pri:0, instance:Udemy_maven.udemy_java_maven.selenium_test@74e52ef6]" started-at="2021-05-12T11:05:58Z" name="demo" finished-at="2021-05-12T11:05:58Z" duration-ms="12" status="PASS">
          <reporter-output>
          </reporter-output>
        </test-method> <!-- demo -->
        <test-method signature="demo1()[pri:0, instance:Udemy_maven.udemy_java_maven.selenium_test@74e52ef6]" started-at="2021-05-12T11:05:58Z" name="demo1" finished-at="2021-05-12T11:05:58Z" duration-ms="4" status="PASS">
          <reporter-output>
          </reporter-output>
        </test-method> <!-- demo1 -->
      </class> <!-- Udemy_maven.udemy_java_maven.selenium_test -->
    </test> <!-- Test -->
  </suite> <!-- Suite -->
</testng-results>
